#
# A fatal error has been detected by the Java Runtime Environment:
#
#  SIGSEGV (0xb) at pc=0x00007f002f1c099f, pid=16496, tid=0x00007f002c1f1700
#
# JRE version: OpenJDK Runtime Environment (8.0_181-b13) (build 1.8.0_181-8u181-b13-0ubuntu0.16.04.1-b13)
# Java VM: OpenJDK 64-Bit Server VM (25.181-b13 mixed mode linux-amd64 compressed oops)
# Problematic frame:
# V  [libjvm.so+0x92d99f]
#
# Failed to write core dump. Core dumps have been disabled. To enable core dumping, try "ulimit -c unlimited" before starting Java again
#
# If you would like to submit a bug report, please visit:
#   http://bugreport.java.com/bugreport/crash.jsp
#

---------------  T H R E A D  ---------------

Current thread (0x00007f0028025000):  GCTaskThread [stack: 0x00007f002c0f1000,0x00007f002c1f2000] [id=16501]

siginfo: si_signo: 11 (SIGSEGV), si_code: 1 (SEGV_MAPERR), si_addr: 0x0000000000000008

Registers:
RAX=0x0000000000000001, RBX=0x00000000f762bde8, RCX=0x0000000000000003, RDX=0x00007f002f7989e0
RSP=0x00007f002c1f0c90, RBP=0x00007f002c1f0d10, RSI=0x00000000f762bde8, RDI=0x0000000000000000
R8 =0x00000001000077c8, R9 =0x00007f00281c4498, R10=0x0000000000000000, R11=0x00007f002c0f5000
R12=0xf762be0000000000, R13=0x00007f00281c4400, R14=0x0000000000000001, R15=0x00007f00281c4ed0
RIP=0x00007f002f1c099f, EFLAGS=0x0000000000010246, CSGSFS=0x002b000000000033, ERR=0x0000000000000004
  TRAPNO=0x000000000000000e

Top of Stack: (sp=0x00007f002c1f0c90)
0x00007f002c1f0c90:   00007f002c1f0d10 0000000000000400
0x00007f002c1f0ca0:   00007f00281c4428 0000000000000050
0x00007f002c1f0cb0:   00007f000000000a 000000008c5b32b8
0x00007f002c1f0cc0:   000000008c5b2be8 0000000000000400
0x00007f002c1f0cd0:   0000000000000015 479c4a855f991e00
0x00007f002c1f0ce0:   0000000000000004 00007f00281c4400
0x00007f002c1f0cf0:   000000008c5b32d4 00007f002f7989f0
0x00007f002c1f0d00:   0000000000000001 00007f00281c4ed0
0x00007f002c1f0d10:   00007f002c1f0d80 00007f002f1c0508
0x00007f002c1f0d20:   00007f002c1f0d80 00007f00281c4468
0x00007f002c1f0d30:   0000f35a00006c1b 0000000000000380
0x00007f002c1f0d40:   0000f35b00006c1b 479c4a855f991e00
0x00007f002c1f0d50:   00007f002c7f7b80 0000000000000003
0x00007f002c1f0d60:   00007f002c1f0dbc 00007f002c1f0dc0
0x00007f002c1f0d70:   0000000000000001 00007f00281c4ed0
0x00007f002c1f0d80:   00007f002c1f0e00 00007f002f1c4c62
0x00007f002c1f0d90:   00007f002f7989f0 000000008b060c60
0x00007f002c1f0da0:   00007f00281c4400 00007effe0174330
0x00007f002c1f0db0:   00007f00281c4400 460599bc2f11091b
0x00007f002c1f0dc0:   000000008b060c61 479c4a855f991e00
0x00007f002c1f0dd0:   00007f002c1f0e00 0000000000000001
0x00007f002c1f0de0:   00007effe0174330 00007f002f37fbdc
0x00007f002c1f0df0:   00007f0028025000 00007f002f7b67c8
0x00007f002c1f0e00:   00007f002c1f0f10 00007f002ee3dd42
0x00007f002c1f0e10:   00000000000003d8 00007f00280257c8
0x00007f002c1f0e20:   00007f00280253f0 00007f002c1f0ea0
0x00007f002c1f0e30:   00007f00280253a0 00007f00280253e0
0x00007f002c1f0e40:   00007f002c1f0e50 0000000000000000
0x00007f002c1f0e50:   0000000000000000 00007f0028025000
0x00007f002c1f0e60:   00007f0028025000 00007f00280257d0
0x00007f002c1f0e70:   00007f0028025810 00007f0028025820
0x00007f002c1f0e80:   00007f00280258f8 00000000000000d8 

Instructions: (pc=0x00007f002f1c099f)
0x00007f002f1c097f:   03 0f 84 4a 02 00 00 48 8d 05 9c 60 5f 00 49 89
0x00007f002f1c098f:   fd 0f b6 00 84 c0 0f 85 e5 02 00 00 48 8b 7e 08
0x00007f002f1c099f:   8b 4f 08 83 f9 00 0f 8e 35 04 00 00 f6 c1 01 0f
0x00007f002f1c09af:   85 3c 04 00 00 c1 f9 03 41 f6 c4 01 4c 63 f1 4c 

Register to memory mapping:

RAX=0x0000000000000001 is an unknown value
RBX=0x00000000f762bde8 is an oop

[error occurred during error reporting (printing register info), id 0xb]

Stack: [0x00007f002c0f1000,0x00007f002c1f2000],  sp=0x00007f002c1f0c90,  free space=1023k
Native frames: (J=compiled Java code, j=interpreted, Vv=VM code, C=native code)
V  [libjvm.so+0x92d99f]
V  [libjvm.so+0x92d508]
V  [libjvm.so+0x931c62]
V  [libjvm.so+0x5aad42]
V  [libjvm.so+0x8bae12]


---------------  P R O C E S S  ---------------

Java Threads: ( => current thread )
  0x00007f0028212000 JavaThread "Service Thread" daemon [_thread_blocked, id=16514, stack(0x00007effd3dfe000,0x00007effd3eff000)]
  0x00007f002820e800 JavaThread "C1 CompilerThread3" daemon [_thread_blocked, id=16513, stack(0x00007effd3eff000,0x00007effd4000000)]
  0x00007f002820c800 JavaThread "C2 CompilerThread2" daemon [_thread_blocked, id=16512, stack(0x00007efff00fb000,0x00007efff01fc000)]
  0x00007f002820a800 JavaThread "C2 CompilerThread1" daemon [_thread_blocked, id=16511, stack(0x00007efff01fc000,0x00007efff02fd000)]
  0x00007f0028208000 JavaThread "C2 CompilerThread0" daemon [_thread_blocked, id=16510, stack(0x00007efff02fd000,0x00007efff03fe000)]
  0x00007f0028206000 JavaThread "Signal Dispatcher" daemon [_thread_blocked, id=16509, stack(0x00007efff03fe000,0x00007efff04ff000)]
  0x00007f00281d3800 JavaThread "Finalizer" daemon [_thread_blocked, id=16508, stack(0x00007efff1fe8000,0x00007efff20e9000)]
  0x00007f00281cf000 JavaThread "Reference Handler" daemon [_thread_blocked, id=16507, stack(0x00007efff20e9000,0x00007efff21ea000)]
  0x00007f002800a800 JavaThread "main" [_thread_blocked, id=16497, stack(0x00007f00304f9000,0x00007f00305fa000)]

Other Threads:
  0x00007f00281c7800 VMThread [stack: 0x00007efff21ea000,0x00007efff22eb000] [id=16506]
  0x00007f0028214000 WatcherThread [stack: 0x00007effd3cfd000,0x00007effd3dfe000] [id=16515]

=>0x00007f0028025000 (exited) GCTaskThread [stack: 0x00007f002c0f1000,0x00007f002c1f2000] [id=16501]

VM state:at safepoint (normal execution)

VM Mutex/Monitor currently owned by a thread:  ([mutex/lock_event])
[0x00007f0028006c40] Threads_lock - owner thread: 0x00007f00281c7800
[0x00007f0028007140] Heap_lock - owner thread: 0x00007f002800a800

Heap:
 PSYoungGen      total 581632K, used 581208K [0x00000000d5580000, 0x0000000100000000, 0x0000000100000000)
  eden space 502272K, 100% used [0x00000000d5580000,0x00000000f4000000,0x00000000f4000000)
  from space 79360K, 99% used [0x00000000f4000000,0x00000000f8d16220,0x00000000f8d80000)
  to   space 103936K, 54% used [0x00000000f9a80000,0x00000000fd245310,0x0000000100000000)
 ParOldGen       total 278528K, used 202658K [0x0000000080000000, 0x0000000091000000, 0x00000000d5580000)
  object space 278528K, 72% used [0x0000000080000000,0x000000008c5e8be8,0x0000000091000000)
 Metaspace       used 3689K, capacity 4844K, committed 5120K, reserved 1056768K
  class space    used 374K, capacity 424K, committed 512K, reserved 1048576K

Card table byte_map: [0x00007f002c7a0000,0x00007f002cba1000] byte_map_base: 0x00007f002c3a0000

Marking Bits: (ParMarkBitMap*) 0x00007f002f7c03a0
 Begin Bits: [0x00007efff8000000, 0x00007efffa000000)
 End Bits:   [0x00007efffa000000, 0x00007efffc000000)

Polling page: 0x00007f0030614000

CodeCache: size=245760Kb used=2305Kb max_used=2317Kb free=243454Kb
 bounds [0x00007f0019000000, 0x00007f0019270000, 0x00007f0028000000]
 total_blobs=546 nmethods=296 adapters=165
 compilation: enabled

Compilation events (10 events):
Event: 1.573 Thread 0x00007f002820a800  292       4       java.nio.Buffer::<init> (121 bytes)
Event: 1.574 Thread 0x00007f002820a800 nmethod 292 0x00007f0019221b50 code [0x00007f0019221cc0, 0x00007f0019221e78]
Event: 2.225 Thread 0x00007f002820c800  293       4       sun.nio.cs.StreamDecoder::implRead (243 bytes)
Event: 2.235 Thread 0x00007f002820c800 nmethod 293 0x00007f001921f690 code [0x00007f001921f8a0, 0x00007f0019220110]
Event: 4.544 Thread 0x00007f0028208000  294       4       sun.nio.cs.UTF_8$Decoder::isMalformed3 (45 bytes)
Event: 4.544 Thread 0x00007f0028208000 nmethod 294 0x00007f001921f3d0 code [0x00007f001921f520, 0x00007f001921f5b8]
Event: 4.824 Thread 0x00007f002820a800  295       4       java.io.FileInputStream::read (8 bytes)
Event: 4.825 Thread 0x00007f002820a800 nmethod 295 0x00007f001921f150 code [0x00007f001921f2a0, 0x00007f001921f328]
Event: 5.125 Thread 0x00007f002820c800  296       4       java.lang.Character::isSurrogate (18 bytes)
Event: 5.126 Thread 0x00007f002820c800 nmethod 296 0x00007f00191f43d0 code [0x00007f00191f4500, 0x00007f00191f4558]

GC Heap History (10 events):
Event: 2.025 GC heap after
Heap after GC invocations=5 (full 0):
 PSYoungGen      total 435200K, used 17394K [0x00000000d5580000, 0x0000000100000000, 0x0000000100000000)
  eden space 417792K, 0% used [0x00000000d5580000,0x00000000d5580000,0x00000000eed80000)
  from space 17408K, 99% used [0x00000000eed80000,0x00000000efe7c858,0x00000000efe80000)
  to   space 55808K, 0% used [0x00000000fc980000,0x00000000fc980000,0x0000000100000000)
 ParOldGen       total 278528K, used 100542K [0x0000000080000000, 0x0000000091000000, 0x00000000d5580000)
  object space 278528K, 36% used [0x0000000080000000,0x000000008622fa68,0x0000000091000000)
 Metaspace       used 3689K, capacity 4844K, committed 5120K, reserved 1056768K
  class space    used 374K, capacity 424K, committed 512K, reserved 1048576K
}
Event: 2.645 GC heap before
{Heap before GC invocations=6 (full 0):
 PSYoungGen      total 435200K, used 435186K [0x00000000d5580000, 0x0000000100000000, 0x0000000100000000)
  eden space 417792K, 100% used [0x00000000d5580000,0x00000000eed80000,0x00000000eed80000)
  from space 17408K, 99% used [0x00000000eed80000,0x00000000efe7c858,0x00000000efe80000)
  to   space 55808K, 0% used [0x00000000fc980000,0x00000000fc980000,0x0000000100000000)
 ParOldGen       total 278528K, used 100542K [0x0000000080000000, 0x0000000091000000, 0x00000000d5580000)
  object space 278528K, 36% used [0x0000000080000000,0x000000008622fa68,0x0000000091000000)
 Metaspace       used 3689K, capacity 4844K, committed 5120K, reserved 1056768K
  class space    used 374K, capacity 424K, committed 512K, reserved 1048576K
Event: 2.689 GC heap after
Heap after GC invocations=6 (full 0):
 PSYoungGen      total 637952K, used 47371K [0x00000000d5580000, 0x0000000100000000, 0x0000000100000000)
  eden space 582144K, 0% used [0x00000000d5580000,0x00000000d5580000,0x00000000f8e00000)
  from space 55808K, 84% used [0x00000000fc980000,0x00000000ff7c2c48,0x0000000100000000)
  to   space 58368K, 0% used [0x00000000f8e00000,0x00000000f8e00000,0x00000000fc700000)
 ParOldGen       total 278528K, used 100542K [0x0000000080000000, 0x0000000091000000, 0x00000000d5580000)
  object space 278528K, 36% used [0x0000000080000000,0x000000008622fa68,0x0000000091000000)
 Metaspace       used 3689K, capacity 4844K, committed 5120K, reserved 1056768K
  class space    used 374K, capacity 424K, committed 512K, reserved 1048576K
}
Event: 3.563 GC heap before
{Heap before GC invocations=7 (full 0):
 PSYoungGen      total 637952K, used 629515K [0x00000000d5580000, 0x0000000100000000, 0x0000000100000000)
  eden space 582144K, 100% used [0x00000000d5580000,0x00000000f8e00000,0x00000000f8e00000)
  from space 55808K, 84% used [0x00000000fc980000,0x00000000ff7c2c48,0x0000000100000000)
  to   space 58368K, 0% used [0x00000000f8e00000,0x00000000f8e00000,0x00000000fc700000)
 ParOldGen       total 278528K, used 100542K [0x0000000080000000, 0x0000000091000000, 0x00000000d5580000)
  object space 278528K, 36% used [0x0000000080000000,0x000000008622fa68,0x0000000091000000)
 Metaspace       used 3689K, capacity 4844K, committed 5120K, reserved 1056768K
  class space    used 374K, capacity 424K, committed 512K, reserved 1048576K
Event: 3.617 GC heap after
Heap after GC invocations=7 (full 0):
 PSYoungGen      total 640512K, used 58363K [0x00000000d5580000, 0x0000000100000000, 0x0000000100000000)
  eden space 582144K, 0% used [0x00000000d5580000,0x00000000d5580000,0x00000000f8e00000)
  from space 58368K, 99% used [0x00000000f8e00000,0x00000000fc6fec28,0x00000000fc700000)
  to   space 58368K, 0% used [0x00000000fc700000,0x00000000fc700000,0x0000000100000000)
 ParOldGen       total 278528K, used 126066K [0x0000000080000000, 0x0000000091000000, 0x00000000d5580000)
  object space 278528K, 45% used [0x0000000080000000,0x0000000087b1cb18,0x0000000091000000)
 Metaspace       used 3689K, capacity 4844K, committed 5120K, reserved 1056768K
  class space    used 374K, capacity 424K, committed 512K, reserved 1048576K
}
Event: 4.413 GC heap before
{Heap before GC invocations=8 (full 0):
 PSYoungGen      total 640512K, used 640507K [0x00000000d5580000, 0x0000000100000000, 0x0000000100000000)
  eden space 582144K, 100% used [0x00000000d5580000,0x00000000f8e00000,0x00000000f8e00000)
  from space 58368K, 99% used [0x00000000f8e00000,0x00000000fc6fec28,0x00000000fc700000)
  to   space 58368K, 0% used [0x00000000fc700000,0x00000000fc700000,0x0000000100000000)
 ParOldGen       total 278528K, used 126066K [0x0000000080000000, 0x0000000091000000, 0x00000000d5580000)
  object space 278528K, 45% used [0x0000000080000000,0x0000000087b1cb18,0x0000000091000000)
 Metaspace       used 3689K, capacity 4844K, committed 5120K, reserved 1056768K
  class space    used 374K, capacity 424K, committed 512K, reserved 1048576K
Event: 4.477 GC heap after
Heap after GC invocations=8 (full 0):
 PSYoungGen      total 560640K, used 58344K [0x00000000d5580000, 0x0000000100000000, 0x0000000100000000)
  eden space 502272K, 0% used [0x00000000d5580000,0x00000000d5580000,0x00000000f4000000)
  from space 58368K, 99% used [0x00000000fc700000,0x00000000ffffa230,0x0000000100000000)
  to   space 98304K, 0% used [0x00000000f4000000,0x00000000f4000000,0x00000000fa000000)
 ParOldGen       total 278528K, used 168282K [0x0000000080000000, 0x0000000091000000, 0x00000000d5580000)
  object space 278528K, 60% used [0x0000000080000000,0x000000008a456b58,0x0000000091000000)
 Metaspace       used 3689K, capacity 4844K, committed 5120K, reserved 1056768K
  class space    used 374K, capacity 424K, committed 512K, reserved 1048576K
}
Event: 5.170 GC heap before
{Heap before GC invocations=9 (full 0):
 PSYoungGen      total 560640K, used 560616K [0x00000000d5580000, 0x0000000100000000, 0x0000000100000000)
  eden space 502272K, 100% used [0x00000000d5580000,0x00000000f4000000,0x00000000f4000000)
  from space 58368K, 99% used [0x00000000fc700000,0x00000000ffffa230,0x0000000100000000)
  to   space 98304K, 0% used [0x00000000f4000000,0x00000000f4000000,0x00000000fa000000)
 ParOldGen       total 278528K, used 168282K [0x0000000080000000, 0x0000000091000000, 0x00000000d5580000)
  object space 278528K, 60% used [0x0000000080000000,0x000000008a456b58,0x0000000091000000)
 Metaspace       used 3689K, capacity 4844K, committed 5120K, reserved 1056768K
  class space    used 374K, capacity 424K, committed 512K, reserved 1048576K
Event: 5.229 GC heap after
Heap after GC invocations=9 (full 0):
 PSYoungGen      total 581632K, used 78936K [0x00000000d5580000, 0x0000000100000000, 0x0000000100000000)
  eden space 502272K, 0% used [0x00000000d5580000,0x00000000d5580000,0x00000000f4000000)
  from space 79360K, 99% used [0x00000000f4000000,0x00000000f8d16220,0x00000000f8d80000)
  to   space 103936K, 0% used [0x00000000f9a80000,0x00000000f9a80000,0x0000000100000000)
 ParOldGen       total 278528K, used 180090K [0x0000000080000000, 0x0000000091000000, 0x00000000d5580000)
  object space 278528K, 64% used [0x0000000080000000,0x000000008afdeb68,0x0000000091000000)
 Metaspace       used 3689K, capacity 4844K, committed 5120K, reserved 1056768K
  class space    used 374K, capacity 424K, committed 512K, reserved 1048576K
}
Event: 5.896 GC heap before
{Heap before GC invocations=10 (full 0):
 PSYoungGen      total 581632K, used 581208K [0x00000000d5580000, 0x0000000100000000, 0x0000000100000000)
  eden space 502272K, 100% used [0x00000000d5580000,0x00000000f4000000,0x00000000f4000000)
  from space 79360K, 99% used [0x00000000f4000000,0x00000000f8d16220,0x00000000f8d80000)
  to   space 103936K, 0% used [0x00000000f9a80000,0x00000000f9a80000,0x0000000100000000)
 ParOldGen       total 278528K, used 180090K [0x0000000080000000, 0x0000000091000000, 0x00000000d5580000)
  object space 278528K, 64% used [0x0000000080000000,0x000000008afdeb68,0x0000000091000000)
 Metaspace       used 3689K, capacity 4844K, committed 5120K, reserved 1056768K
  class space    used 374K, capacity 424K, committed 512K, reserved 1048576K

Deoptimization events (10 events):
Event: 0.276 Thread 0x00007f002800a800 Uncommon trap: reason=class_check action=maybe_recompile pc=0x00007f0019187aac method=java.util.Hashtable.put(Ljava/lang/Object;Ljava/lang/Object;)Ljava/lang/Object; @ 18
Event: 0.276 Thread 0x00007f002800a800 Uncommon trap: reason=class_check action=maybe_recompile pc=0x00007f001917d940 method=java.util.Hashtable.addEntry(ILjava/lang/Object;Ljava/lang/Object;I)V @ 38
Event: 0.276 Thread 0x00007f002800a800 Uncommon trap: reason=class_check action=maybe_recompile pc=0x00007f0019187aac method=java.util.Hashtable.put(Ljava/lang/Object;Ljava/lang/Object;)Ljava/lang/Object; @ 18
Event: 0.276 Thread 0x00007f002800a800 Uncommon trap: reason=class_check action=maybe_recompile pc=0x00007f001917d940 method=java.util.Hashtable.addEntry(ILjava/lang/Object;Ljava/lang/Object;I)V @ 38
Event: 0.276 Thread 0x00007f002800a800 Uncommon trap: reason=class_check action=maybe_recompile pc=0x00007f001917d940 method=java.util.Hashtable.addEntry(ILjava/lang/Object;Ljava/lang/Object;I)V @ 38
Event: 0.277 Thread 0x00007f002800a800 Uncommon trap: reason=unstable_if action=reinterpret pc=0x00007f001917b704 method=sun.nio.cs.UTF_8$Decoder.decodeArrayLoop(Ljava/nio/ByteBuffer;Ljava/nio/CharBuffer;)Ljava/nio/charset/CoderResult; @ 84
Event: 0.294 Thread 0x00007f002800a800 Uncommon trap: reason=unstable_if action=reinterpret pc=0x00007f00191b9268 method=java.util.Hashtable.get(Ljava/lang/Object;)Ljava/lang/Object; @ 48
Event: 0.498 Thread 0x00007f002800a800 Uncommon trap: reason=unstable_if action=reinterpret pc=0x00007f001920595c method=sun.nio.cs.UTF_8$Decoder.decodeArrayLoop(Ljava/nio/ByteBuffer;Ljava/nio/CharBuffer;)Ljava/nio/charset/CoderResult; @ 280
Event: 0.615 Thread 0x00007f002800a800 Uncommon trap: reason=unstable_if action=reinterpret pc=0x00007f00191e84f8 method=java.util.Hashtable.get(Ljava/lang/Object;)Ljava/lang/Object; @ 48
Event: 1.453 Thread 0x00007f002800a800 Uncommon trap: reason=unstable_if action=reinterpret pc=0x00007f001922da9c method=sun.nio.cs.StreamDecoder.implRead([CII)I @ 87

Classes redefined (0 events):
No events

Internal exceptions (8 events):
Event: 0.020 Thread 0x00007f002800a800 Exception <a 'java/lang/NoSuchMethodError': Method sun.misc.Unsafe.defineClass(Ljava/lang/String;[BII)Ljava/lang/Class; name or signature does not match> (0x00000000d5587cb0) thrown at [/build/openjdk-8-pREaNj/openjdk-8-8u181-b13/src/hotspot/src/share/vm/
Event: 0.020 Thread 0x00007f002800a800 Exception <a 'java/lang/NoSuchMethodError': Method sun.misc.Unsafe.prefetchRead(Ljava/lang/Object;J)V name or signature does not match> (0x00000000d5587f98) thrown at [/build/openjdk-8-pREaNj/openjdk-8-8u181-b13/src/hotspot/src/share/vm/prims/jni.cpp, lin
Event: 0.074 Thread 0x00007f002800a800 Exception <a 'java/security/PrivilegedActionException'> (0x00000000d56be880) thrown at [/build/openjdk-8-pREaNj/openjdk-8-8u181-b13/src/hotspot/src/share/vm/prims/jvm.cpp, line 1435]
Event: 0.074 Thread 0x00007f002800a800 Exception <a 'java/security/PrivilegedActionException'> (0x00000000d56bec78) thrown at [/build/openjdk-8-pREaNj/openjdk-8-8u181-b13/src/hotspot/src/share/vm/prims/jvm.cpp, line 1435]
Event: 0.074 Thread 0x00007f002800a800 Exception <a 'java/security/PrivilegedActionException'> (0x00000000d56c0ee8) thrown at [/build/openjdk-8-pREaNj/openjdk-8-8u181-b13/src/hotspot/src/share/vm/prims/jvm.cpp, line 1435]
Event: 0.074 Thread 0x00007f002800a800 Exception <a 'java/security/PrivilegedActionException'> (0x00000000d56c12e0) thrown at [/build/openjdk-8-pREaNj/openjdk-8-8u181-b13/src/hotspot/src/share/vm/prims/jvm.cpp, line 1435]
Event: 0.074 Thread 0x00007f002800a800 Exception <a 'java/security/PrivilegedActionException'> (0x00000000d56c1fa0) thrown at [/build/openjdk-8-pREaNj/openjdk-8-8u181-b13/src/hotspot/src/share/vm/prims/jvm.cpp, line 1435]
Event: 0.074 Thread 0x00007f002800a800 Exception <a 'java/security/PrivilegedActionException'> (0x00000000d56c2398) thrown at [/build/openjdk-8-pREaNj/openjdk-8-8u181-b13/src/hotspot/src/share/vm/prims/jvm.cpp, line 1435]

Events (10 events):
Event: 2.689 Executing VM operation: ParallelGCFailedAllocation done
Event: 3.563 Executing VM operation: ParallelGCFailedAllocation
Event: 3.617 Executing VM operation: ParallelGCFailedAllocation done
Event: 4.082 Executing VM operation: EnableBiasedLocking
Event: 4.082 Executing VM operation: EnableBiasedLocking done
Event: 4.413 Executing VM operation: ParallelGCFailedAllocation
Event: 4.477 Executing VM operation: ParallelGCFailedAllocation done
Event: 5.170 Executing VM operation: ParallelGCFailedAllocation
Event: 5.229 Executing VM operation: ParallelGCFailedAllocation done
Event: 5.896 Executing VM operation: ParallelGCFailedAllocation


Dynamic libraries:
00400000-00401000 r-xp 00000000 08:01 14812771                           /usr/lib/jvm/java-8-openjdk-amd64/jre/bin/java
00600000-00601000 r--p 00000000 08:01 14812771                           /usr/lib/jvm/java-8-openjdk-amd64/jre/bin/java
00601000-00602000 rw-p 00001000 08:01 14812771                           /usr/lib/jvm/java-8-openjdk-amd64/jre/bin/java
024e4000-02505000 rw-p 00000000 00:00 0                                  [heap]
80000000-91000000 rw-p 00000000 00:00 0 
91000000-d5580000 ---p 00000000 00:00 0 
d5580000-100000000 rw-p 00000000 00:00 0 
100000000-100080000 rw-p 00000000 00:00 0 
100080000-140000000 ---p 00000000 00:00 0 
7effc4000000-7effc4021000 rw-p 00000000 00:00 0 
7effc4021000-7effc8000000 ---p 00000000 00:00 0 
7effc8000000-7effc8021000 rw-p 00000000 00:00 0 
7effc8021000-7effcc000000 ---p 00000000 00:00 0 
7effcc000000-7effcc3cf000 rw-p 00000000 00:00 0 
7effcc3cf000-7effd0000000 ---p 00000000 00:00 0 
7effd3cfd000-7effd3cfe000 ---p 00000000 00:00 0 
7effd3cfe000-7effd3dfe000 rw-p 00000000 00:00 0 
7effd3dfe000-7effd3e01000 ---p 00000000 00:00 0 
7effd3e01000-7effd3eff000 rw-p 00000000 00:00 0 
7effd3eff000-7effd3f02000 ---p 00000000 00:00 0 
7effd3f02000-7effd4000000 rw-p 00000000 00:00 0 
7effd4000000-7effd463b000 rw-p 00000000 00:00 0 
7effd463b000-7effd8000000 ---p 00000000 00:00 0 
7effd8000000-7effd8792000 rw-p 00000000 00:00 0 
7effd8792000-7effdc000000 ---p 00000000 00:00 0 
7effdc000000-7effdc021000 rw-p 00000000 00:00 0 
7effdc021000-7effe0000000 ---p 00000000 00:00 0 
7effe0000000-7effe0571000 rw-p 00000000 00:00 0 
7effe0571000-7effe4000000 ---p 00000000 00:00 0 
7effe4000000-7effe4021000 rw-p 00000000 00:00 0 
7effe4021000-7effe8000000 ---p 00000000 00:00 0 
7effe8000000-7effe8021000 rw-p 00000000 00:00 0 
7effe8021000-7effec000000 ---p 00000000 00:00 0 
7effec000000-7effec021000 rw-p 00000000 00:00 0 
7effec021000-7efff0000000 ---p 00000000 00:00 0 
7efff00fb000-7efff00fe000 ---p 00000000 00:00 0 
7efff00fe000-7efff01fc000 rw-p 00000000 00:00 0 
7efff01fc000-7efff01ff000 ---p 00000000 00:00 0 
7efff01ff000-7efff02fd000 rw-p 00000000 00:00 0 
7efff02fd000-7efff0300000 ---p 00000000 00:00 0 
7efff0300000-7efff03fe000 rw-p 00000000 00:00 0 
7efff03fe000-7efff0401000 ---p 00000000 00:00 0 
7efff0401000-7efff04ff000 rw-p 00000000 00:00 0 
7efff04ff000-7efff1fe8000 r--p 00000000 08:01 14685446                   /usr/lib/locale/locale-archive
7efff1fe8000-7efff1feb000 ---p 00000000 00:00 0 
7efff1feb000-7efff20e9000 rw-p 00000000 00:00 0 
7efff20e9000-7efff20ec000 ---p 00000000 00:00 0 
7efff20ec000-7efff21ea000 rw-p 00000000 00:00 0 
7efff21ea000-7efff21eb000 ---p 00000000 00:00 0 
7efff21eb000-7efff3c80000 rw-p 00000000 00:00 0 
7efff3c80000-7efff4000000 ---p 00000000 00:00 0 
7efff4000000-7efff4021000 rw-p 00000000 00:00 0 
7efff4021000-7efff8000000 ---p 00000000 00:00 0 
7efff8000000-7efffc000000 rw-p 00000000 00:00 0 
7efffc000000-7efffc021000 rw-p 00000000 00:00 0 
7efffc021000-7f0000000000 ---p 00000000 00:00 0 
7f0000000000-7f0000021000 rw-p 00000000 00:00 0 
7f0000021000-7f0004000000 ---p 00000000 00:00 0 
7f0004000000-7f0004021000 rw-p 00000000 00:00 0 
7f0004021000-7f0008000000 ---p 00000000 00:00 0 
7f0008000000-7f0008021000 rw-p 00000000 00:00 0 
7f0008021000-7f000c000000 ---p 00000000 00:00 0 
7f000c000000-7f000c021000 rw-p 00000000 00:00 0 
7f000c021000-7f0010000000 ---p 00000000 00:00 0 
7f0010000000-7f0010021000 rw-p 00000000 00:00 0 
7f0010021000-7f0014000000 ---p 00000000 00:00 0 
7f0014000000-7f0014021000 rw-p 00000000 00:00 0 
7f0014021000-7f0018000000 ---p 00000000 00:00 0 
7f0018027000-7f001862d000 rw-p 00000000 00:00 0 
7f001862d000-7f00187fc000 r--s 03c32000 08:01 14683491                   /usr/lib/jvm/java-8-openjdk-amd64/jre/lib/rt.jar
7f00187fc000-7f0018bfc000 rw-p 00000000 00:00 0 
7f0018bfc000-7f0018bfd000 ---p 00000000 00:00 0 
7f0018bfd000-7f0018cfd000 rw-p 00000000 00:00 0 
7f0018cfd000-7f0018cfe000 ---p 00000000 00:00 0 
7f0018cfe000-7f0018dfe000 rw-p 00000000 00:00 0 
7f0018dfe000-7f0018dff000 ---p 00000000 00:00 0 
7f0018dff000-7f0018eff000 rw-p 00000000 00:00 0 
7f0018eff000-7f0018f00000 ---p 00000000 00:00 0 
7f0018f00000-7f0019000000 rw-p 00000000 00:00 0 
7f0019000000-7f0019270000 rwxp 00000000 00:00 0 
7f0019270000-7f0028000000 ---p 00000000 00:00 0 
7f0028000000-7f002833b000 rw-p 00000000 00:00 0 
7f002833b000-7f002c000000 ---p 00000000 00:00 0 
7f002c042000-7f002c045000 r--s 00604000 08:01 30278983                   /home/amahmood1/Downloads/pycocoevalcap/meteor/meteor-1.5.jar
7f002c045000-7f002c060000 r--s 00394000 08:01 14683504                   /usr/lib/jvm/java-8-openjdk-amd64/jre/lib/ext/cldrdata.jar
7f002c060000-7f002c07b000 r--s 001d6000 08:01 14683503                   /usr/lib/jvm/java-8-openjdk-amd64/jre/lib/ext/nashorn.jar
7f002c07b000-7f002c0f1000 rw-p 00000000 00:00 0 
7f002c0f1000-7f002c0f2000 ---p 00000000 00:00 0 
7f002c0f2000-7f002c1f2000 rw-p 00000000 00:00 0 
7f002c1f2000-7f002c1f3000 ---p 00000000 00:00 0 
7f002c1f3000-7f002c2f3000 rw-p 00000000 00:00 0 
7f002c2f3000-7f002c2f4000 ---p 00000000 00:00 0 
7f002c2f4000-7f002c3f4000 rw-p 00000000 00:00 0 
7f002c3f4000-7f002c3f5000 ---p 00000000 00:00 0 
7f002c3f5000-7f002c57d000 rw-p 00000000 00:00 0 
7f002c57d000-7f002c7a0000 ---p 00000000 00:00 0 
7f002c7a0000-7f002c828000 rw-p 00000000 00:00 0 
7f002c828000-7f002ca4a000 ---p 00000000 00:00 0 
7f002ca4a000-7f002cba0000 rw-p 00000000 00:00 0 
7f002cba0000-7f002cbab000 rw-p 00000000 00:00 0 
7f002cbab000-7f002cf61000 ---p 00000000 00:00 0 
7f002cf61000-7f002cf69000 r-xp 00000000 08:01 14684609                   /usr/lib/jvm/java-8-openjdk-amd64/jre/lib/amd64/libzip.so
7f002cf69000-7f002d168000 ---p 00008000 08:01 14684609                   /usr/lib/jvm/java-8-openjdk-amd64/jre/lib/amd64/libzip.so
7f002d168000-7f002d169000 r--p 00007000 08:01 14684609                   /usr/lib/jvm/java-8-openjdk-amd64/jre/lib/amd64/libzip.so
7f002d169000-7f002d16a000 rw-p 00008000 08:01 14684609                   /usr/lib/jvm/java-8-openjdk-amd64/jre/lib/amd64/libzip.so
7f002d16a000-7f002d175000 r-xp 00000000 08:01 18616833                   /lib/x86_64-linux-gnu/libnss_files-2.23.so
7f002d175000-7f002d374000 ---p 0000b000 08:01 18616833                   /lib/x86_64-linux-gnu/libnss_files-2.23.so
7f002d374000-7f002d375000 r--p 0000a000 08:01 18616833                   /lib/x86_64-linux-gnu/libnss_files-2.23.so
7f002d375000-7f002d376000 rw-p 0000b000 08:01 18616833                   /lib/x86_64-linux-gnu/libnss_files-2.23.so
7f002d376000-7f002d37c000 rw-p 00000000 00:00 0 
7f002d37c000-7f002d387000 r-xp 00000000 08:01 18616843                   /lib/x86_64-linux-gnu/libnss_nis-2.23.so
7f002d387000-7f002d586000 ---p 0000b000 08:01 18616843                   /lib/x86_64-linux-gnu/libnss_nis-2.23.so
7f002d586000-7f002d587000 r--p 0000a000 08:01 18616843                   /lib/x86_64-linux-gnu/libnss_nis-2.23.so
7f002d587000-7f002d588000 rw-p 0000b000 08:01 18616843                   /lib/x86_64-linux-gnu/libnss_nis-2.23.so
7f002d588000-7f002d59e000 r-xp 00000000 08:01 18616827                   /lib/x86_64-linux-gnu/libnsl-2.23.so
7f002d59e000-7f002d79d000 ---p 00016000 08:01 18616827                   /lib/x86_64-linux-gnu/libnsl-2.23.so
7f002d79d000-7f002d79e000 r--p 00015000 08:01 18616827                   /lib/x86_64-linux-gnu/libnsl-2.23.so
7f002d79e000-7f002d79f000 rw-p 00016000 08:01 18616827                   /lib/x86_64-linux-gnu/libnsl-2.23.so
7f002d79f000-7f002d7a1000 rw-p 00000000 00:00 0 
7f002d7a1000-7f002d7a9000 r-xp 00000000 08:01 18616829                   /lib/x86_64-linux-gnu/libnss_compat-2.23.so
7f002d7a9000-7f002d9a8000 ---p 00008000 08:01 18616829                   /lib/x86_64-linux-gnu/libnss_compat-2.23.so
7f002d9a8000-7f002d9a9000 r--p 00007000 08:01 18616829                   /lib/x86_64-linux-gnu/libnss_compat-2.23.so
7f002d9a9000-7f002d9aa000 rw-p 00008000 08:01 18616829                   /lib/x86_64-linux-gnu/libnss_compat-2.23.so
7f002d9aa000-7f002d9d7000 r-xp 00000000 08:01 14688226                   /usr/lib/jvm/java-8-openjdk-amd64/jre/lib/amd64/libjava.so
7f002d9d7000-7f002dbd6000 ---p 0002d000 08:01 14688226                   /usr/lib/jvm/java-8-openjdk-amd64/jre/lib/amd64/libjava.so
7f002dbd6000-7f002dbd7000 r--p 0002c000 08:01 14688226                   /usr/lib/jvm/java-8-openjdk-amd64/jre/lib/amd64/libjava.so
7f002dbd7000-7f002dbd9000 rw-p 0002d000 08:01 14688226                   /usr/lib/jvm/java-8-openjdk-amd64/jre/lib/amd64/libjava.so
7f002dbd9000-7f002dbe8000 r-xp 00000000 08:01 14684627                   /usr/lib/jvm/java-8-openjdk-amd64/jre/lib/amd64/libverify.so
7f002dbe8000-7f002dde7000 ---p 0000f000 08:01 14684627                   /usr/lib/jvm/java-8-openjdk-amd64/jre/lib/amd64/libverify.so
7f002dde7000-7f002dde9000 r--p 0000e000 08:01 14684627                   /usr/lib/jvm/java-8-openjdk-amd64/jre/lib/amd64/libverify.so
7f002dde9000-7f002ddea000 rw-p 00010000 08:01 14684627                   /usr/lib/jvm/java-8-openjdk-amd64/jre/lib/amd64/libverify.so
7f002ddea000-7f002ddf1000 r-xp 00000000 08:01 18616888                   /lib/x86_64-linux-gnu/librt-2.23.so
7f002ddf1000-7f002dff0000 ---p 00007000 08:01 18616888                   /lib/x86_64-linux-gnu/librt-2.23.so
7f002dff0000-7f002dff1000 r--p 00006000 08:01 18616888                   /lib/x86_64-linux-gnu/librt-2.23.so
7f002dff1000-7f002dff2000 rw-p 00007000 08:01 18616888                   /lib/x86_64-linux-gnu/librt-2.23.so
7f002dff2000-7f002e008000 r-xp 00000000 08:01 18616772                   /lib/x86_64-linux-gnu/libgcc_s.so.1
7f002e008000-7f002e207000 ---p 00016000 08:01 18616772                   /lib/x86_64-linux-gnu/libgcc_s.so.1
7f002e207000-7f002e208000 rw-p 00015000 08:01 18616772                   /lib/x86_64-linux-gnu/libgcc_s.so.1
7f002e208000-7f002e310000 r-xp 00000000 08:01 18616804                   /lib/x86_64-linux-gnu/libm-2.23.so
7f002e310000-7f002e50f000 ---p 00108000 08:01 18616804                   /lib/x86_64-linux-gnu/libm-2.23.so
7f002e50f000-7f002e510000 r--p 00107000 08:01 18616804                   /lib/x86_64-linux-gnu/libm-2.23.so
7f002e510000-7f002e511000 rw-p 00108000 08:01 18616804                   /lib/x86_64-linux-gnu/libm-2.23.so
7f002e511000-7f002e683000 r-xp 00000000 08:01 14682060                   /usr/lib/x86_64-linux-gnu/libstdc++.so.6.0.21
7f002e683000-7f002e883000 ---p 00172000 08:01 14682060                   /usr/lib/x86_64-linux-gnu/libstdc++.so.6.0.21
7f002e883000-7f002e88d000 r--p 00172000 08:01 14682060                   /usr/lib/x86_64-linux-gnu/libstdc++.so.6.0.21
7f002e88d000-7f002e88f000 rw-p 0017c000 08:01 14682060                   /usr/lib/x86_64-linux-gnu/libstdc++.so.6.0.21
7f002e88f000-7f002e893000 rw-p 00000000 00:00 0 
7f002e893000-7f002f4f0000 r-xp 00000000 08:01 14683518                   /usr/lib/jvm/java-8-openjdk-amd64/jre/lib/amd64/server/libjvm.so
7f002f4f0000-7f002f6f0000 ---p 00c5d000 08:01 14683518                   /usr/lib/jvm/java-8-openjdk-amd64/jre/lib/amd64/server/libjvm.so
7f002f6f0000-7f002f784000 r--p 00c5d000 08:01 14683518                   /usr/lib/jvm/java-8-openjdk-amd64/jre/lib/amd64/server/libjvm.so
7f002f784000-7f002f7ad000 rw-p 00cf1000 08:01 14683518                   /usr/lib/jvm/java-8-openjdk-amd64/jre/lib/amd64/server/libjvm.so
7f002f7ad000-7f002f7dd000 rw-p 00000000 00:00 0 
7f002f7dd000-7f002f7f5000 r-xp 00000000 08:01 18616880                   /lib/x86_64-linux-gnu/libpthread-2.23.so
7f002f7f5000-7f002f9f4000 ---p 00018000 08:01 18616880                   /lib/x86_64-linux-gnu/libpthread-2.23.so
7f002f9f4000-7f002f9f5000 r--p 00017000 08:01 18616880                   /lib/x86_64-linux-gnu/libpthread-2.23.so
7f002f9f5000-7f002f9f6000 rw-p 00018000 08:01 18616880                   /lib/x86_64-linux-gnu/libpthread-2.23.so
7f002f9f6000-7f002f9fa000 rw-p 00000000 00:00 0 
7f002f9fa000-7f002f9fd000 r-xp 00000000 08:01 18616758                   /lib/x86_64-linux-gnu/libdl-2.23.so
7f002f9fd000-7f002fbfc000 ---p 00003000 08:01 18616758                   /lib/x86_64-linux-gnu/libdl-2.23.so
7f002fbfc000-7f002fbfd000 r--p 00002000 08:01 18616758                   /lib/x86_64-linux-gnu/libdl-2.23.so
7f002fbfd000-7f002fbfe000 rw-p 00003000 08:01 18616758                   /lib/x86_64-linux-gnu/libdl-2.23.so
7f002fbfe000-7f002fc17000 r-xp 00000000 08:01 18616924                   /lib/x86_64-linux-gnu/libz.so.1.2.8
7f002fc17000-7f002fe16000 ---p 00019000 08:01 18616924                   /lib/x86_64-linux-gnu/libz.so.1.2.8
7f002fe16000-7f002fe17000 r--p 00018000 08:01 18616924                   /lib/x86_64-linux-gnu/libz.so.1.2.8
7f002fe17000-7f002fe18000 rw-p 00019000 08:01 18616924                   /lib/x86_64-linux-gnu/libz.so.1.2.8
7f002fe18000-7f002ffd8000 r-xp 00000000 08:01 18616734                   /lib/x86_64-linux-gnu/libc-2.23.so
7f002ffd8000-7f00301d8000 ---p 001c0000 08:01 18616734                   /lib/x86_64-linux-gnu/libc-2.23.so
7f00301d8000-7f00301dc000 r--p 001c0000 08:01 18616734                   /lib/x86_64-linux-gnu/libc-2.23.so
7f00301dc000-7f00301de000 rw-p 001c4000 08:01 18616734                   /lib/x86_64-linux-gnu/libc-2.23.so
7f00301de000-7f00301e2000 rw-p 00000000 00:00 0 
7f00301e2000-7f00301ef000 r-xp 00000000 08:01 14684614                   /usr/lib/jvm/java-8-openjdk-amd64/jre/lib/amd64/jli/libjli.so
7f00301ef000-7f00303ef000 ---p 0000d000 08:01 14684614                   /usr/lib/jvm/java-8-openjdk-amd64/jre/lib/amd64/jli/libjli.so
7f00303ef000-7f00303f0000 r--p 0000d000 08:01 14684614                   /usr/lib/jvm/java-8-openjdk-amd64/jre/lib/amd64/jli/libjli.so
7f00303f0000-7f00303f1000 rw-p 0000e000 08:01 14684614                   /usr/lib/jvm/java-8-openjdk-amd64/jre/lib/amd64/jli/libjli.so
7f00303f1000-7f0030417000 r-xp 00000000 08:01 18616706                   /lib/x86_64-linux-gnu/ld-2.23.so
7f0030419000-7f003041c000 r--s 0000f000 08:01 14683501                   /usr/lib/jvm/java-8-openjdk-amd64/jre/lib/ext/icedtea-sound.jar
7f003041c000-7f0030426000 r--s 00116000 08:01 14683508                   /usr/lib/jvm/java-8-openjdk-amd64/jre/lib/ext/localedata.jar
7f0030426000-7f0030428000 r--s 00001000 08:01 14683506                   /usr/lib/jvm/java-8-openjdk-amd64/jre/lib/ext/dnsns.jar
7f0030428000-7f00304f9000 rw-p 00000000 00:00 0 
7f00304f9000-7f00304fc000 ---p 00000000 00:00 0 
7f00304fc000-7f00305fe000 rw-p 00000000 00:00 0 
7f00305fe000-7f00305ff000 r--s 0000a000 08:01 14683511                   /usr/lib/jvm/java-8-openjdk-amd64/jre/lib/ext/jaccess.jar
7f00305ff000-7f0030601000 r--s 00008000 08:01 14683510                   /usr/lib/jvm/java-8-openjdk-amd64/jre/lib/ext/sunec.jar
7f0030601000-7f0030604000 r--s 00038000 08:01 14683505                   /usr/lib/jvm/java-8-openjdk-amd64/jre/lib/ext/sunpkcs11.jar
7f0030604000-7f003060a000 r--s 0003b000 08:01 14683509                   /usr/lib/jvm/java-8-openjdk-amd64/jre/lib/ext/sunjce_provider.jar
7f003060a000-7f003060b000 r--s 00010000 08:01 14683507                   /usr/lib/jvm/java-8-openjdk-amd64/jre/lib/ext/zipfs.jar
7f003060b000-7f0030613000 rw-s 00000000 08:01 1050675                    /tmp/hsperfdata_amahmood1/16496
7f0030613000-7f0030614000 rw-p 00000000 00:00 0 
7f0030614000-7f0030615000 ---p 00000000 00:00 0 
7f0030615000-7f0030616000 rw-p 00000000 00:00 0 
7f0030616000-7f0030617000 r--p 00025000 08:01 18616706                   /lib/x86_64-linux-gnu/ld-2.23.so
7f0030617000-7f0030618000 rw-p 00026000 08:01 18616706                   /lib/x86_64-linux-gnu/ld-2.23.so
7f0030618000-7f0030619000 rw-p 00000000 00:00 0 
7ffef1873000-7ffef1894000 rw-p 00000000 00:00 0                          [stack]
7ffef1936000-7ffef1939000 r--p 00000000 00:00 0                          [vvar]
7ffef1939000-7ffef193b000 r-xp 00000000 00:00 0                          [vdso]
ffffffffff600000-ffffffffff601000 r-xp 00000000 00:00 0                  [vsyscall]

VM Arguments:
jvm_args: -Xmx2G 
java_command: meteor-1.5.jar - - -stdio -l en -norm
java_class_path (initial): meteor-1.5.jar
Launcher Type: SUN_STANDARD

Environment Variables:
PATH=/home/amahmood1/bin:/home/amahmood1/.local/bin:/usr/local/sbin:/usr/local/bin:/usr/sbin:/usr/bin:/sbin:/bin:/usr/games:/usr/local/games:/snap/bin
SHELL=/bin/bash
DISPLAY=:0

Signal Handlers:
SIGSEGV: [libjvm.so+0xa71a30], sa_mask[0]=11111111011111111101111111111110, sa_flags=SA_RESTART|SA_SIGINFO
SIGBUS: [libjvm.so+0xa71a30], sa_mask[0]=11111111011111111101111111111110, sa_flags=SA_RESTART|SA_SIGINFO
SIGFPE: [libjvm.so+0x8b8f40], sa_mask[0]=11111111011111111101111111111110, sa_flags=SA_RESTART|SA_SIGINFO
SIGPIPE: [libjvm.so+0x8b8f40], sa_mask[0]=11111111011111111101111111111110, sa_flags=SA_RESTART|SA_SIGINFO
SIGXFSZ: [libjvm.so+0x8b8f40], sa_mask[0]=11111111011111111101111111111110, sa_flags=SA_RESTART|SA_SIGINFO
SIGILL: [libjvm.so+0x8b8f40], sa_mask[0]=11111111011111111101111111111110, sa_flags=SA_RESTART|SA_SIGINFO
SIGUSR1: SIG_DFL, sa_mask[0]=00000000000000000000000000000000, sa_flags=none
SIGUSR2: [libjvm.so+0x8b8df0], sa_mask[0]=00000000000000000000000000000000, sa_flags=SA_RESTART|SA_SIGINFO
SIGHUP: [libjvm.so+0x8b92c0], sa_mask[0]=11111111011111111101111111111110, sa_flags=SA_RESTART|SA_SIGINFO
SIGINT: [libjvm.so+0x8b92c0], sa_mask[0]=11111111011111111101111111111110, sa_flags=SA_RESTART|SA_SIGINFO
SIGTERM: [libjvm.so+0x8b92c0], sa_mask[0]=11111111011111111101111111111110, sa_flags=SA_RESTART|SA_SIGINFO
SIGQUIT: [libjvm.so+0x8b92c0], sa_mask[0]=11111111011111111101111111111110, sa_flags=SA_RESTART|SA_SIGINFO


---------------  S Y S T E M  ---------------

OS:DISTRIB_ID="elementary"
DISTRIB_RELEASE=0.4.1
DISTRIB_CODENAME=loki
DISTRIB_DESCRIPTION="elementary OS 0.4.1 Loki"

uname:Linux 4.15.0-34-generic #37~16.04.1-Ubuntu SMP Tue Aug 28 10:44:06 UTC 2018 x86_64
libc:glibc 2.23 NPTL 2.23 
rlimit: STACK 8192k, CORE 0k, NPROC 104118, NOFILE 1048576, AS infinity
load average:0.36 0.45 1.14

/proc/meminfo:
MemTotal:       26715708 kB
MemFree:        13120076 kB
MemAvailable:   23757716 kB
Buffers:          398912 kB
Cached:         10356708 kB
SwapCached:            0 kB
Active:          7039340 kB
Inactive:        5706440 kB
Active(anon):    1999552 kB
Inactive(anon):    56636 kB
Active(file):    5039788 kB
Inactive(file):  5649804 kB
Unevictable:          32 kB
Mlocked:              32 kB
SwapTotal:      27252732 kB
SwapFree:       27252732 kB
Dirty:               344 kB
Writeback:             0 kB
AnonPages:       1990272 kB
Mapped:           459128 kB
Shmem:             66032 kB
Slab:             431032 kB
SReclaimable:     365524 kB
SUnreclaim:        65508 kB
KernelStack:       12976 kB
PageTables:        41544 kB
NFS_Unstable:          0 kB
Bounce:                0 kB
WritebackTmp:          0 kB
CommitLimit:    40610584 kB
Committed_AS:    6841088 kB
VmallocTotal:   34359738367 kB
VmallocUsed:           0 kB
VmallocChunk:          0 kB
HardwareCorrupted:     0 kB
AnonHugePages:         0 kB
ShmemHugePages:        0 kB
ShmemPmdMapped:        0 kB
CmaTotal:              0 kB
CmaFree:               0 kB
HugePages_Total:       0
HugePages_Free:        0
HugePages_Rsvd:        0
HugePages_Surp:        0
Hugepagesize:       2048 kB
DirectMap4k:      243520 kB
DirectMap2M:     7088128 kB
DirectMap1G:    19922944 kB


CPU:total 8 (initial active 8) (1 cores per cpu, 1 threads per core) family 6 model 94 stepping 3, cmov, cx8, fxsr, mmx, sse, sse2, sse3, ssse3, sse4.1, sse4.2, popcnt, avx, avx2, aes, clmul, erms, rtm, 3dnowpref, lzcnt, tsc, tscinvbit, bmi1, bmi2, adx

/proc/cpuinfo:
processor	: 0
vendor_id	: GenuineIntel
cpu family	: 6
model		: 94
model name	: Intel(R) Core(TM) i7-6700 CPU @ 3.40GHz
stepping	: 3
microcode	: 0xba
cpu MHz		: 3408.239
cache size	: 8192 KB
physical id	: 0
siblings	: 1
core id		: 0
cpu cores	: 1
apicid		: 0
initial apicid	: 0
fpu		: yes
fpu_exception	: yes
cpuid level	: 22
wp		: yes
flags		: fpu vme de pse tsc msr pae mce cx8 apic sep mtrr pge mca cmov pat pse36 clflush dts mmx fxsr sse sse2 ss syscall nx pdpe1gb rdtscp lm constant_tsc arch_perfmon pebs bts nopl xtopology tsc_reliable nonstop_tsc cpuid aperfmperf pni pclmulqdq ssse3 fma cx16 pcid sse4_1 sse4_2 x2apic movbe popcnt tsc_deadline_timer aes xsave avx f16c rdrand hypervisor lahf_lm abm 3dnowprefetch cpuid_fault epb invpcid_single pti fsgsbase tsc_adjust bmi1 hle avx2 smep bmi2 invpcid rtm rdseed adx smap xsaveopt dtherm ida arat pln pts hwp hwp_notify hwp_act_window hwp_epp
bugs		: cpu_meltdown spectre_v1 spectre_v2 spec_store_bypass l1tf
bogomips	: 6816.47
clflush size	: 64
cache_alignment	: 64
address sizes	: 42 bits physical, 48 bits virtual
power management:

processor	: 1
vendor_id	: GenuineIntel
cpu family	: 6
model		: 94
model name	: Intel(R) Core(TM) i7-6700 CPU @ 3.40GHz
stepping	: 3
microcode	: 0xba
cpu MHz		: 3408.239
cache size	: 8192 KB
physical id	: 2
siblings	: 1
core id		: 0
cpu cores	: 1
apicid		: 2
initial apicid	: 2
fpu		: yes
fpu_exception	: yes
cpuid level	: 22
wp		: yes
flags		: fpu vme de pse tsc msr pae mce cx8 apic sep mtrr pge mca cmov pat pse36 clflush dts mmx fxsr sse sse2 ss syscall nx pdpe1gb rdtscp lm constant_tsc arch_perfmon pebs bts nopl xtopology tsc_reliable nonstop_tsc cpuid aperfmperf pni pclmulqdq ssse3 fma cx16 pcid sse4_1 sse4_2 x2apic movbe popcnt tsc_deadline_timer aes xsave avx f16c rdrand hypervisor lahf_lm abm 3dnowprefetch cpuid_fault epb invpcid_single pti fsgsbase tsc_adjust bmi1 hle avx2 smep bmi2 invpcid rtm rdseed adx smap xsaveopt dtherm ida arat pln pts hwp hwp_notify hwp_act_window hwp_epp
bugs		: cpu_meltdown spectre_v1 spectre_v2 spec_store_bypass l1tf
bogomips	: 6816.47
clflush size	: 64
cache_alignment	: 64
address sizes	: 42 bits physical, 48 bits virtual
power management:

processor	: 2
vendor_id	: GenuineIntel
cpu family	: 6
model		: 94
model name	: Intel(R) Core(TM) i7-6700 CPU @ 3.40GHz
stepping	: 3
microcode	: 0xba
cpu MHz		: 3408.239
cache size	: 8192 KB
physical id	: 4
siblings	: 1
core id		: 0
cpu cores	: 1
apicid		: 4
initial apicid	: 4
fpu		: yes
fpu_exception	: yes
cpuid level	: 22
wp		: yes
flags		: fpu vme de pse tsc msr pae mce cx8 apic sep mtrr pge mca cmov pat pse36 clflush dts mmx fxsr sse sse2 ss syscall nx pdpe1gb rdtscp lm constant_tsc arch_perfmon pebs bts nopl xtopology tsc_reliable nonstop_tsc cpuid aperfmperf pni pclmulqdq ssse3 fma cx16 pcid sse4_1 sse4_2 x2apic movbe popcnt tsc_deadline_timer aes xsave avx f16c rdrand hypervisor lahf_lm abm 3dnowprefetch cpuid_fault epb invpcid_single pti fsgsbase tsc_adjust bmi1 hle avx2 smep bmi2 invpcid rtm rdseed adx smap xsaveopt dtherm ida arat pln pts hwp hwp_notify hwp_act_window hwp_epp
bugs		: cpu_meltdown spectre_v1 spectre_v2 spec_store_bypass l1tf
bogomips	: 6816.47
clflush size	: 64
cache_alignment	: 64
address sizes	: 42 bits physical, 48 bits virtual
power management:

processor	: 3
vendor_id	: GenuineIntel
cpu family	: 6
model		: 94
model name	: Intel(R) Core(TM) i7-6700 CPU @ 3.40GHz
stepping	: 3
microcode	: 0xba
cpu MHz		: 3408.239
cache size	: 8192 KB
physical id	: 6
siblings	: 1
core id		: 0
cpu cores	: 1
apicid		: 6
initial apicid	: 6
fpu		: yes
fpu_exception	: yes
cpuid level	: 22
wp		: yes
flags		: fpu vme de pse tsc msr pae mce cx8 apic sep mtrr pge mca cmov pat pse36 clflush dts mmx fxsr sse sse2 ss syscall nx pdpe1gb rdtscp lm constant_tsc arch_perfmon pebs bts nopl xtopology tsc_reliable nonstop_tsc cpuid aperfmperf pni pclmulqdq ssse3 fma cx16 pcid sse4_1 sse4_2 x2apic movbe popcnt tsc_deadline_timer aes xsave avx f16c rdrand hypervisor lahf_lm abm 3dnowprefetch cpuid_fault epb invpcid_single pti fsgsbase tsc_adjust bmi1 hle avx2 smep bmi2 invpcid rtm rdseed adx smap xsaveopt dtherm ida arat pln pts hwp hwp_notify hwp_act_window hwp_epp
bugs		: cpu_meltdown spectre_v1 spectre_v2 spec_store_bypass l1tf
bogomips	: 6816.47
clflush size	: 64
cache_alignment	: 64
address sizes	: 42 bits physical, 48 bits virtual
power management:

processor	: 4
vendor_id	: GenuineIntel
cpu family	: 6
model		: 94
model name	: Intel(R) Core(TM) i7-6700 CPU @ 3.40GHz
stepping	: 3
microcode	: 0xba
cpu MHz		: 3408.239
cache size	: 8192 KB
physical id	: 8
siblings	: 1
core id		: 0
cpu cores	: 1
apicid		: 8
initial apicid	: 8
fpu		: yes
fpu_exception	: yes
cpuid level	: 22
wp		: yes
flags		: fpu vme de pse tsc msr pae mce cx8 apic sep mtrr pge mca cmov pat pse36 clflush dts mmx fxsr sse sse2 ss syscall nx pdpe1gb rdtscp lm constant_tsc arch_perfmon pebs bts nopl xtopology tsc_reliable nonstop_tsc cpuid aperfmperf pni pclmulqdq ssse3 fma cx16 pcid sse4_1 sse4_2 x2apic movbe popcnt tsc_deadline_timer aes xsave avx f16c rdrand hypervisor lahf_lm abm 3dnowprefetch cpuid_fault epb invpcid_single pti fsgsbase tsc_adjust bmi1 hle avx2 smep bmi2 invpcid rtm rdseed adx smap xsaveopt dtherm ida arat pln pts hwp hwp_notify hwp_act_window hwp_epp
bugs		: cpu_meltdown spectre_v1 spectre_v2 spec_store_bypass l1tf
bogomips	: 6816.47
clflush size	: 64
cache_alignment	: 64
address sizes	: 42 bits physical, 48 bits virtual
power management:

processor	: 5
vendor_id	: GenuineIntel
cpu family	: 6
model		: 94
model name	: Intel(R) Core(TM) i7-6700 CPU @ 3.40GHz
stepping	: 3
microcode	: 0xba
cpu MHz		: 3408.239
cache size	: 8192 KB
physical id	: 10
siblings	: 1
core id		: 0
cpu cores	: 1
apicid		: 10
initial apicid	: 10
fpu		: yes
fpu_exception	: yes
cpuid level	: 22
wp		: yes
flags		: fpu vme de pse tsc msr pae mce cx8 apic sep mtrr pge mca cmov pat pse36 clflush dts mmx fxsr sse sse2 ss syscall nx pdpe1gb rdtscp lm constant_tsc arch_perfmon pebs bts nopl xtopology tsc_reliable nonstop_tsc cpuid aperfmperf pni pclmulqdq ssse3 fma cx16 pcid sse4_1 sse4_2 x2apic movbe popcnt tsc_deadline_timer aes xsave avx f16c rdrand hypervisor lahf_lm abm 3dnowprefetch cpuid_fault epb invpcid_single pti fsgsbase tsc_adjust bmi1 hle avx2 smep bmi2 invpcid rtm rdseed adx smap xsaveopt dtherm ida arat pln pts hwp hwp_notify hwp_act_window hwp_epp
bugs		: cpu_meltdown spectre_v1 spectre_v2 spec_store_bypass l1tf
bogomips	: 6816.47
clflush size	: 64
cache_alignment	: 64
address sizes	: 42 bits physical, 48 bits virtual
power management:

processor	: 6
vendor_id	: GenuineIntel
cpu family	: 6
model		: 94
model name	: Intel(R) Core(TM) i7-6700 CPU @ 3.40GHz
stepping	: 3
microcode	: 0xba
cpu MHz		: 3408.239
cache size	: 8192 KB
physical id	: 12
siblings	: 1
core id		: 0
cpu cores	: 1
apicid		: 12
initial apicid	: 12
fpu		: yes
fpu_exception	: yes
cpuid level	: 22
wp		: yes
flags		: fpu vme de pse tsc msr pae mce cx8 apic sep mtrr pge mca cmov pat pse36 clflush dts mmx fxsr sse sse2 ss syscall nx pdpe1gb rdtscp lm constant_tsc arch_perfmon pebs bts nopl xtopology tsc_reliable nonstop_tsc cpuid aperfmperf pni pclmulqdq ssse3 fma cx16 pcid sse4_1 sse4_2 x2apic movbe popcnt tsc_deadline_timer aes xsave avx f16c rdrand hypervisor lahf_lm abm 3dnowprefetch cpuid_fault epb invpcid_single pti fsgsbase tsc_adjust bmi1 hle avx2 smep bmi2 invpcid rtm rdseed adx smap xsaveopt dtherm ida arat pln pts hwp hwp_notify hwp_act_window hwp_epp
bugs		: cpu_meltdown spectre_v1 spectre_v2 spec_store_bypass l1tf
bogomips	: 6816.47
clflush size	: 64
cache_alignment	: 64
address sizes	: 42 bits physical, 48 bits virtual
power management:

processor	: 7
vendor_id	: GenuineIntel
cpu family	: 6
model		: 94
model name	: Intel(R) Core(TM) i7-6700 CPU @ 3.40GHz
stepping	: 3
microcode	: 0xba
cpu MHz		: 3408.239
cache size	: 8192 KB
physical id	: 14
siblings	: 1
core id		: 0
cpu cores	: 1
apicid		: 14
initial apicid	: 14
fpu		: yes
fpu_exception	: yes
cpuid level	: 22
wp		: yes
flags		: fpu vme de pse tsc msr pae mce cx8 apic sep mtrr pge mca cmov pat pse36 clflush dts mmx fxsr sse sse2 ss syscall nx pdpe1gb rdtscp lm constant_tsc arch_perfmon pebs bts nopl xtopology tsc_reliable nonstop_tsc cpuid aperfmperf pni pclmulqdq ssse3 fma cx16 pcid sse4_1 sse4_2 x2apic movbe popcnt tsc_deadline_timer aes xsave avx f16c rdrand hypervisor lahf_lm abm 3dnowprefetch cpuid_fault epb invpcid_single pti fsgsbase tsc_adjust bmi1 hle avx2 smep bmi2 invpcid rtm rdseed adx smap xsaveopt dtherm ida arat pln pts hwp hwp_notify hwp_act_window hwp_epp
bugs		: cpu_meltdown spectre_v1 spectre_v2 spec_store_bypass l1tf
bogomips	: 6816.47
clflush size	: 64
cache_alignment	: 64
address sizes	: 42 bits physical, 48 bits virtual
power management:



Memory: 4k page, physical 26715708k(13107056k free), swap 27252732k(27252732k free)

vm_info: OpenJDK 64-Bit Server VM (25.181-b13) for linux-amd64 JRE (1.8.0_181-8u181-b13-0ubuntu0.16.04.1-b13), built on Jul 30 2018 21:06:27 by "buildd" with gcc 5.4.0 20160609

time: Thu Sep 13 11:18:38 2018
elapsed time: 5 seconds (0d 0h 0m 5s)

